
Running configuration General, run #0...
Assigned runID=General-0-20210628-15:24:42-5707
Setting up network "IOTA"...
Initializing...

Running simulation...
** Event #0   t=0   Elapsed: 1.9e-05s (0m 00s)
     Speed:     ev/sec=0   simsec/sec=0   ev/simsec=0
     Messages:  created: 300   present: 300   in FES: 100
** Event #17152   t=24.001   Elapsed: 2.03579s (0m 02s)
     Speed:     ev/sec=8425.75   simsec/sec=11.7896   ev/simsec=714.679
     Messages:  created: 16536   present: 314   in FES: 113
** Event #24832   t=32.001   Elapsed: 4.05168s (0m 04s)
     Speed:     ev/sec=3809.74   simsec/sec=3.96848   ev/simsec=960
     Messages:  created: 23961   present: 348   in FES: 147
** Event #30720   t=39.001   Elapsed: 6.09312s (0m 06s)
     Speed:     ev/sec=2884.24   simsec/sec=3.42895   ev/simsec=841.143
     Messages:  created: 29901   present: 660   in FES: 459
** Event #35584   t=45.001   Elapsed: 8.13759s (0m 08s)
     Speed:     ev/sec=2379.1   simsec/sec=2.93474   ev/simsec=810.667
     Messages:  created: 35148   present: 1261   in FES: 1060
** Event #40192   t=49.001   Elapsed: 10.2446s (0m 10s)
     Speed:     ev/sec=2187.01   simsec/sec=1.89844   ev/simsec=1152
     Messages:  created: 39504   present: 1160   in FES: 959
** Event #44032   t=55.001   Elapsed: 12.2859s (0m 12s)
     Speed:     ev/sec=1881.11   simsec/sec=2.93924   ev/simsec=640
     Messages:  created: 43365   present: 1410   in FES: 1209
** Event #45162   t=56   Elapsed: 12.8853s (0m 12s)
     Speed:     ev/sec=1883.74   simsec/sec=1.66683   ev/simsec=1130.13
     Messages:  created: 44256   present: 1191   in FES: 991

<!> SIGINT or SIGTERM received, exiting -- at t=56s, event #45162

Calling finish() at end of Run #0...
